<?xml version="1.0" encoding="UTF-8"?>
<testsuite xmlns:xsi="http://www.w3.org/2001/XMLSchema-instance" xsi:noNamespaceSchemaLocation="https://maven.apache.org/surefire/maven-surefire-plugin/xsd/surefire-test-report-3.0.xsd" version="3.0" name="acmemedical.TestResource" time="1.325" tests="13" errors="13" skipped="0" failures="0">
  <properties>
    <property name="java.specification.version" value="21"/>
    <property name="sun.cpu.isalist" value="amd64"/>
    <property name="sun.jnu.encoding" value="Cp1252"/>
    <property name="java.class.path" value="C:\Users\krish\IdeaProjects\24F-Java-Final-Project\target\test-classes;C:\Users\krish\IdeaProjects\24F-Java-Final-Project\target\classes;C:\Users\krish\.m2\repository\org\apache\logging\log4j\log4j-api\2.17.2\log4j-api-2.17.2.jar;C:\Users\krish\.m2\repository\org\apache\logging\log4j\log4j-core\2.17.2\log4j-core-2.17.2.jar;C:\Users\krish\.m2\repository\jakarta\platform\jakarta.jakartaee-api\9.0.0\jakarta.jakartaee-api-9.0.0.jar;C:\Users\krish\.m2\repository\org\glassfish\soteria\jakarta.security.enterprise\2.0.0\jakarta.security.enterprise-2.0.0.jar;C:\Users\krish\.m2\repository\jakarta\security\enterprise\jakarta.security.enterprise-api\2.0.0\jakarta.security.enterprise-api-2.0.0.jar;C:\Users\krish\.m2\repository\jakarta\annotation\jakarta.annotation-api\2.0.0\jakarta.annotation-api-2.0.0.jar;C:\Users\krish\.m2\repository\jakarta\ejb\jakarta.ejb-api\4.0.0\jakarta.ejb-api-4.0.0.jar;C:\Users\krish\.m2\repository\jakarta\xml\bind\jakarta.xml.bind-api\3.0.0\jakarta.xml.bind-api-3.0.0.jar;C:\Users\krish\.m2\repository\com\sun\activation\jakarta.activation\2.0.0\jakarta.activation-2.0.0.jar;C:\Users\krish\.m2\repository\com\fasterxml\jackson\core\jackson-databind\2.17.1\jackson-databind-2.17.1.jar;C:\Users\krish\.m2\repository\com\fasterxml\jackson\core\jackson-annotations\2.17.1\jackson-annotations-2.17.1.jar;C:\Users\krish\.m2\repository\com\fasterxml\jackson\core\jackson-core\2.17.1\jackson-core-2.17.1.jar;C:\Users\krish\.m2\repository\com\fasterxml\jackson\module\jackson-module-jakarta-xmlbind-annotations\2.17.1\jackson-module-jakarta-xmlbind-annotations-2.17.1.jar;C:\Users\krish\.m2\repository\jakarta\activation\jakarta.activation-api\2.1.0\jakarta.activation-api-2.1.0.jar;C:\Users\krish\.m2\repository\com\fasterxml\jackson\datatype\jackson-datatype-jsr310\2.17.1\jackson-datatype-jsr310-2.17.1.jar;C:\Users\krish\.m2\repository\com\fasterxml\jackson\jakarta\rs\jackson-jakarta-rs-json-provider\2.17.1\jackson-jakarta-rs-json-provider-2.17.1.jar;C:\Users\krish\.m2\repository\com\fasterxml\jackson\jakarta\rs\jackson-jakarta-rs-base\2.17.1\jackson-jakarta-rs-base-2.17.1.jar;C:\Users\krish\.m2\repository\com\mysql\mysql-connector-j\8.0.31\mysql-connector-j-8.0.31.jar;C:\Users\krish\.m2\repository\com\google\protobuf\protobuf-java\3.19.4\protobuf-java-3.19.4.jar;C:\Users\krish\.m2\repository\org\hibernate\hibernate-core-jakarta\5.6.15.Final\hibernate-core-jakarta-5.6.15.Final.jar;C:\Users\krish\.m2\repository\org\jboss\logging\jboss-logging\3.4.3.Final\jboss-logging-3.4.3.Final.jar;C:\Users\krish\.m2\repository\jakarta\persistence\jakarta.persistence-api\3.0.0\jakarta.persistence-api-3.0.0.jar;C:\Users\krish\.m2\repository\net\bytebuddy\byte-buddy\1.12.18\byte-buddy-1.12.18.jar;C:\Users\krish\.m2\repository\antlr\antlr\2.7.7\antlr-2.7.7.jar;C:\Users\krish\.m2\repository\jakarta\transaction\jakarta.transaction-api\2.0.0\jakarta.transaction-api-2.0.0.jar;C:\Users\krish\.m2\repository\org\jboss\jandex\2.4.2.Final\jandex-2.4.2.Final.jar;C:\Users\krish\.m2\repository\com\fasterxml\classmate\1.5.1\classmate-1.5.1.jar;C:\Users\krish\.m2\repository\org\dom4j\dom4j\2.1.3\dom4j-2.1.3.jar;C:\Users\krish\.m2\repository\org\hibernate\common\hibernate-commons-annotations\5.1.2.Final\hibernate-commons-annotations-5.1.2.Final.jar;C:\Users\krish\.m2\repository\org\glassfish\jaxb\jaxb-runtime\3.0.0\jaxb-runtime-3.0.0.jar;C:\Users\krish\.m2\repository\org\glassfish\jaxb\jaxb-core\3.0.0\jaxb-core-3.0.0.jar;C:\Users\krish\.m2\repository\org\glassfish\jaxb\txw2\3.0.0\txw2-3.0.0.jar;C:\Users\krish\.m2\repository\com\sun\istack\istack-commons-runtime\4.0.0\istack-commons-runtime-4.0.0.jar;C:\Users\krish\.m2\repository\org\junit\jupiter\junit-jupiter\5.7.0\junit-jupiter-5.7.0.jar;C:\Users\krish\.m2\repository\org\junit\jupiter\junit-jupiter-params\5.7.0\junit-jupiter-params-5.7.0.jar;C:\Users\krish\.m2\repository\org\junit\jupiter\junit-jupiter-engine\5.7.0\junit-jupiter-engine-5.7.0.jar;C:\Users\krish\.m2\repository\org\junit\platform\junit-platform-engine\1.7.0\junit-platform-engine-1.7.0.jar;C:\Users\krish\.m2\repository\org\hamcrest\hamcrest\2.2\hamcrest-2.2.jar;C:\Users\krish\.m2\repository\org\hamcrest\hamcrest-library\2.2\hamcrest-library-2.2.jar;C:\Users\krish\.m2\repository\org\hamcrest\hamcrest-core\2.2\hamcrest-core-2.2.jar;C:\Users\krish\.m2\repository\org\glassfish\jersey\core\jersey-client\3.0.0\jersey-client-3.0.0.jar;C:\Users\krish\.m2\repository\jakarta\ws\rs\jakarta.ws.rs-api\3.0.0\jakarta.ws.rs-api-3.0.0.jar;C:\Users\krish\.m2\repository\org\glassfish\jersey\core\jersey-common\3.0.0\jersey-common-3.0.0.jar;C:\Users\krish\.m2\repository\org\glassfish\hk2\osgi-resource-locator\1.0.3\osgi-resource-locator-1.0.3.jar;C:\Users\krish\.m2\repository\jakarta\inject\jakarta.inject-api\2.0.0\jakarta.inject-api-2.0.0.jar;C:\Users\krish\.m2\repository\org\glassfish\jersey\inject\jersey-hk2\3.0.0\jersey-hk2-3.0.0.jar;C:\Users\krish\.m2\repository\org\glassfish\hk2\hk2-locator\3.0.0-RC1\hk2-locator-3.0.0-RC1.jar;C:\Users\krish\.m2\repository\org\glassfish\hk2\external\aopalliance-repackaged\3.0.0-RC1\aopalliance-repackaged-3.0.0-RC1.jar;C:\Users\krish\.m2\repository\org\glassfish\hk2\hk2-api\3.0.0-RC1\hk2-api-3.0.0-RC1.jar;C:\Users\krish\.m2\repository\org\glassfish\hk2\hk2-utils\3.0.0-RC1\hk2-utils-3.0.0-RC1.jar;C:\Users\krish\.m2\repository\org\javassist\javassist\3.25.0-GA\javassist-3.25.0-GA.jar;C:\Users\krish\.m2\repository\org\junit\jupiter\junit-jupiter-api\5.8.2\junit-jupiter-api-5.8.2.jar;C:\Users\krish\.m2\repository\org\opentest4j\opentest4j\1.2.0\opentest4j-1.2.0.jar;C:\Users\krish\.m2\repository\org\junit\platform\junit-platform-commons\1.8.2\junit-platform-commons-1.8.2.jar;C:\Users\krish\.m2\repository\org\apiguardian\apiguardian-api\1.1.2\apiguardian-api-1.1.2.jar;C:\Users\krish\.m2\repository\io\rest-assured\rest-assured\5.3.0\rest-assured-5.3.0.jar;C:\Users\krish\.m2\repository\org\apache\groovy\groovy\4.0.6\groovy-4.0.6.jar;C:\Users\krish\.m2\repository\org\apache\groovy\groovy-xml\4.0.6\groovy-xml-4.0.6.jar;C:\Users\krish\.m2\repository\org\apache\httpcomponents\httpclient\4.5.13\httpclient-4.5.13.jar;C:\Users\krish\.m2\repository\org\apache\httpcomponents\httpcore\4.4.13\httpcore-4.4.13.jar;C:\Users\krish\.m2\repository\commons-logging\commons-logging\1.2\commons-logging-1.2.jar;C:\Users\krish\.m2\repository\commons-codec\commons-codec\1.11\commons-codec-1.11.jar;C:\Users\krish\.m2\repository\org\apache\httpcomponents\httpmime\4.5.13\httpmime-4.5.13.jar;C:\Users\krish\.m2\repository\org\ccil\cowan\tagsoup\tagsoup\1.2.1\tagsoup-1.2.1.jar;C:\Users\krish\.m2\repository\io\rest-assured\json-path\5.3.0\json-path-5.3.0.jar;C:\Users\krish\.m2\repository\org\apache\groovy\groovy-json\4.0.6\groovy-json-4.0.6.jar;C:\Users\krish\.m2\repository\io\rest-assured\rest-assured-common\5.3.0\rest-assured-common-5.3.0.jar;C:\Users\krish\.m2\repository\io\rest-assured\xml-path\5.3.0\xml-path-5.3.0.jar;C:\Users\krish\.m2\repository\org\apache\commons\commons-lang3\3.11\commons-lang3-3.11.jar;"/>
    <property name="java.vm.vendor" value="Oracle Corporation"/>
    <property name="sun.arch.data.model" value="64"/>
    <property name="user.variant" value=""/>
    <property name="java.vendor.url" value="https://java.oracle.com/"/>
    <property name="user.timezone" value="America/Toronto"/>
    <property name="os.name" value="Windows 11"/>
    <property name="java.vm.specification.version" value="21"/>
    <property name="sun.java.launcher" value="SUN_STANDARD"/>
    <property name="user.country" value="US"/>
    <property name="sun.boot.library.path" value="C:\Program Files\Java\jdk-21\bin"/>
    <property name="sun.java.command" value="C:\Users\krish\AppData\Local\Temp\surefire16931225128962079178\surefirebooter2146783022417614383.jar C:\Users\krish\AppData\Local\Temp\surefire16931225128962079178 2024-12-04T14-02-36_007-jvmRun1 surefire1356272153764220894tmp surefire_012811406152569128460tmp"/>
    <property name="jdk.debug" value="release"/>
    <property name="surefire.test.class.path" value="C:\Users\krish\IdeaProjects\24F-Java-Final-Project\target\test-classes;C:\Users\krish\IdeaProjects\24F-Java-Final-Project\target\classes;C:\Users\krish\.m2\repository\org\apache\logging\log4j\log4j-api\2.17.2\log4j-api-2.17.2.jar;C:\Users\krish\.m2\repository\org\apache\logging\log4j\log4j-core\2.17.2\log4j-core-2.17.2.jar;C:\Users\krish\.m2\repository\jakarta\platform\jakarta.jakartaee-api\9.0.0\jakarta.jakartaee-api-9.0.0.jar;C:\Users\krish\.m2\repository\org\glassfish\soteria\jakarta.security.enterprise\2.0.0\jakarta.security.enterprise-2.0.0.jar;C:\Users\krish\.m2\repository\jakarta\security\enterprise\jakarta.security.enterprise-api\2.0.0\jakarta.security.enterprise-api-2.0.0.jar;C:\Users\krish\.m2\repository\jakarta\annotation\jakarta.annotation-api\2.0.0\jakarta.annotation-api-2.0.0.jar;C:\Users\krish\.m2\repository\jakarta\ejb\jakarta.ejb-api\4.0.0\jakarta.ejb-api-4.0.0.jar;C:\Users\krish\.m2\repository\jakarta\xml\bind\jakarta.xml.bind-api\3.0.0\jakarta.xml.bind-api-3.0.0.jar;C:\Users\krish\.m2\repository\com\sun\activation\jakarta.activation\2.0.0\jakarta.activation-2.0.0.jar;C:\Users\krish\.m2\repository\com\fasterxml\jackson\core\jackson-databind\2.17.1\jackson-databind-2.17.1.jar;C:\Users\krish\.m2\repository\com\fasterxml\jackson\core\jackson-annotations\2.17.1\jackson-annotations-2.17.1.jar;C:\Users\krish\.m2\repository\com\fasterxml\jackson\core\jackson-core\2.17.1\jackson-core-2.17.1.jar;C:\Users\krish\.m2\repository\com\fasterxml\jackson\module\jackson-module-jakarta-xmlbind-annotations\2.17.1\jackson-module-jakarta-xmlbind-annotations-2.17.1.jar;C:\Users\krish\.m2\repository\jakarta\activation\jakarta.activation-api\2.1.0\jakarta.activation-api-2.1.0.jar;C:\Users\krish\.m2\repository\com\fasterxml\jackson\datatype\jackson-datatype-jsr310\2.17.1\jackson-datatype-jsr310-2.17.1.jar;C:\Users\krish\.m2\repository\com\fasterxml\jackson\jakarta\rs\jackson-jakarta-rs-json-provider\2.17.1\jackson-jakarta-rs-json-provider-2.17.1.jar;C:\Users\krish\.m2\repository\com\fasterxml\jackson\jakarta\rs\jackson-jakarta-rs-base\2.17.1\jackson-jakarta-rs-base-2.17.1.jar;C:\Users\krish\.m2\repository\com\mysql\mysql-connector-j\8.0.31\mysql-connector-j-8.0.31.jar;C:\Users\krish\.m2\repository\com\google\protobuf\protobuf-java\3.19.4\protobuf-java-3.19.4.jar;C:\Users\krish\.m2\repository\org\hibernate\hibernate-core-jakarta\5.6.15.Final\hibernate-core-jakarta-5.6.15.Final.jar;C:\Users\krish\.m2\repository\org\jboss\logging\jboss-logging\3.4.3.Final\jboss-logging-3.4.3.Final.jar;C:\Users\krish\.m2\repository\jakarta\persistence\jakarta.persistence-api\3.0.0\jakarta.persistence-api-3.0.0.jar;C:\Users\krish\.m2\repository\net\bytebuddy\byte-buddy\1.12.18\byte-buddy-1.12.18.jar;C:\Users\krish\.m2\repository\antlr\antlr\2.7.7\antlr-2.7.7.jar;C:\Users\krish\.m2\repository\jakarta\transaction\jakarta.transaction-api\2.0.0\jakarta.transaction-api-2.0.0.jar;C:\Users\krish\.m2\repository\org\jboss\jandex\2.4.2.Final\jandex-2.4.2.Final.jar;C:\Users\krish\.m2\repository\com\fasterxml\classmate\1.5.1\classmate-1.5.1.jar;C:\Users\krish\.m2\repository\org\dom4j\dom4j\2.1.3\dom4j-2.1.3.jar;C:\Users\krish\.m2\repository\org\hibernate\common\hibernate-commons-annotations\5.1.2.Final\hibernate-commons-annotations-5.1.2.Final.jar;C:\Users\krish\.m2\repository\org\glassfish\jaxb\jaxb-runtime\3.0.0\jaxb-runtime-3.0.0.jar;C:\Users\krish\.m2\repository\org\glassfish\jaxb\jaxb-core\3.0.0\jaxb-core-3.0.0.jar;C:\Users\krish\.m2\repository\org\glassfish\jaxb\txw2\3.0.0\txw2-3.0.0.jar;C:\Users\krish\.m2\repository\com\sun\istack\istack-commons-runtime\4.0.0\istack-commons-runtime-4.0.0.jar;C:\Users\krish\.m2\repository\org\junit\jupiter\junit-jupiter\5.7.0\junit-jupiter-5.7.0.jar;C:\Users\krish\.m2\repository\org\junit\jupiter\junit-jupiter-params\5.7.0\junit-jupiter-params-5.7.0.jar;C:\Users\krish\.m2\repository\org\junit\jupiter\junit-jupiter-engine\5.7.0\junit-jupiter-engine-5.7.0.jar;C:\Users\krish\.m2\repository\org\junit\platform\junit-platform-engine\1.7.0\junit-platform-engine-1.7.0.jar;C:\Users\krish\.m2\repository\org\hamcrest\hamcrest\2.2\hamcrest-2.2.jar;C:\Users\krish\.m2\repository\org\hamcrest\hamcrest-library\2.2\hamcrest-library-2.2.jar;C:\Users\krish\.m2\repository\org\hamcrest\hamcrest-core\2.2\hamcrest-core-2.2.jar;C:\Users\krish\.m2\repository\org\glassfish\jersey\core\jersey-client\3.0.0\jersey-client-3.0.0.jar;C:\Users\krish\.m2\repository\jakarta\ws\rs\jakarta.ws.rs-api\3.0.0\jakarta.ws.rs-api-3.0.0.jar;C:\Users\krish\.m2\repository\org\glassfish\jersey\core\jersey-common\3.0.0\jersey-common-3.0.0.jar;C:\Users\krish\.m2\repository\org\glassfish\hk2\osgi-resource-locator\1.0.3\osgi-resource-locator-1.0.3.jar;C:\Users\krish\.m2\repository\jakarta\inject\jakarta.inject-api\2.0.0\jakarta.inject-api-2.0.0.jar;C:\Users\krish\.m2\repository\org\glassfish\jersey\inject\jersey-hk2\3.0.0\jersey-hk2-3.0.0.jar;C:\Users\krish\.m2\repository\org\glassfish\hk2\hk2-locator\3.0.0-RC1\hk2-locator-3.0.0-RC1.jar;C:\Users\krish\.m2\repository\org\glassfish\hk2\external\aopalliance-repackaged\3.0.0-RC1\aopalliance-repackaged-3.0.0-RC1.jar;C:\Users\krish\.m2\repository\org\glassfish\hk2\hk2-api\3.0.0-RC1\hk2-api-3.0.0-RC1.jar;C:\Users\krish\.m2\repository\org\glassfish\hk2\hk2-utils\3.0.0-RC1\hk2-utils-3.0.0-RC1.jar;C:\Users\krish\.m2\repository\org\javassist\javassist\3.25.0-GA\javassist-3.25.0-GA.jar;C:\Users\krish\.m2\repository\org\junit\jupiter\junit-jupiter-api\5.8.2\junit-jupiter-api-5.8.2.jar;C:\Users\krish\.m2\repository\org\opentest4j\opentest4j\1.2.0\opentest4j-1.2.0.jar;C:\Users\krish\.m2\repository\org\junit\platform\junit-platform-commons\1.8.2\junit-platform-commons-1.8.2.jar;C:\Users\krish\.m2\repository\org\apiguardian\apiguardian-api\1.1.2\apiguardian-api-1.1.2.jar;C:\Users\krish\.m2\repository\io\rest-assured\rest-assured\5.3.0\rest-assured-5.3.0.jar;C:\Users\krish\.m2\repository\org\apache\groovy\groovy\4.0.6\groovy-4.0.6.jar;C:\Users\krish\.m2\repository\org\apache\groovy\groovy-xml\4.0.6\groovy-xml-4.0.6.jar;C:\Users\krish\.m2\repository\org\apache\httpcomponents\httpclient\4.5.13\httpclient-4.5.13.jar;C:\Users\krish\.m2\repository\org\apache\httpcomponents\httpcore\4.4.13\httpcore-4.4.13.jar;C:\Users\krish\.m2\repository\commons-logging\commons-logging\1.2\commons-logging-1.2.jar;C:\Users\krish\.m2\repository\commons-codec\commons-codec\1.11\commons-codec-1.11.jar;C:\Users\krish\.m2\repository\org\apache\httpcomponents\httpmime\4.5.13\httpmime-4.5.13.jar;C:\Users\krish\.m2\repository\org\ccil\cowan\tagsoup\tagsoup\1.2.1\tagsoup-1.2.1.jar;C:\Users\krish\.m2\repository\io\rest-assured\json-path\5.3.0\json-path-5.3.0.jar;C:\Users\krish\.m2\repository\org\apache\groovy\groovy-json\4.0.6\groovy-json-4.0.6.jar;C:\Users\krish\.m2\repository\io\rest-assured\rest-assured-common\5.3.0\rest-assured-common-5.3.0.jar;C:\Users\krish\.m2\repository\io\rest-assured\xml-path\5.3.0\xml-path-5.3.0.jar;C:\Users\krish\.m2\repository\org\apache\commons\commons-lang3\3.11\commons-lang3-3.11.jar;"/>
    <property name="sun.cpu.endian" value="little"/>
    <property name="user.home" value="C:\Users\krish"/>
    <property name="user.language" value="en"/>
    <property name="java.specification.vendor" value="Oracle Corporation"/>
    <property name="java.version.date" value="2024-01-16"/>
    <property name="java.home" value="C:\Program Files\Java\jdk-21"/>
    <property name="file.separator" value="\"/>
    <property name="basedir" value="C:\Users\krish\IdeaProjects\24F-Java-Final-Project"/>
    <property name="java.vm.compressedOopsMode" value="32-bit"/>
    <property name="line.separator" value="&#10;"/>
    <property name="java.vm.specification.vendor" value="Oracle Corporation"/>
    <property name="java.specification.name" value="Java Platform API Specification"/>
    <property name="surefire.real.class.path" value="C:\Users\krish\AppData\Local\Temp\surefire16931225128962079178\surefirebooter2146783022417614383.jar"/>
    <property name="user.script" value=""/>
    <property name="sun.management.compiler" value="HotSpot 64-Bit Tiered Compilers"/>
    <property name="java.runtime.version" value="21.0.2+13-LTS-58"/>
    <property name="user.name" value="krish"/>
    <property name="stdout.encoding" value="Cp1252"/>
    <property name="path.separator" value=";"/>
    <property name="os.version" value="10.0"/>
    <property name="java.runtime.name" value="Java(TM) SE Runtime Environment"/>
    <property name="file.encoding" value="UTF-8"/>
    <property name="java.vm.name" value="Java HotSpot(TM) 64-Bit Server VM"/>
    <property name="junit.jupiter.execution.parallel.enabled" value="false"/>
    <property name="localRepository" value="C:\Users\krish\.m2\repository"/>
    <property name="java.vendor.url.bug" value="https://bugreport.java.com/bugreport/"/>
    <property name="java.io.tmpdir" value="C:\Users\krish\AppData\Local\Temp\"/>
    <property name="idea.version" value="2024.2.3"/>
    <property name="java.version" value="21.0.2"/>
    <property name="user.dir" value="C:\Users\krish\IdeaProjects\24F-Java-Final-Project"/>
    <property name="os.arch" value="amd64"/>
    <property name="java.vm.specification.name" value="Java Virtual Machine Specification"/>
    <property name="sun.os.patch.level" value=""/>
    <property name="native.encoding" value="Cp1252"/>
    <property name="java.library.path" value="C:\Program Files\Java\jdk-21\bin;C:\Windows\Sun\Java\bin;C:\Windows\system32;C:\Windows;C:\Windows\System32\WindowsPowerShell\v1.0;C:\Windows\System32\wbem;C:\Oracle19cinstall\bin;C:\oracle_db\bin;C:\Oracle\WINDOWS.X64_193000_db_home\bin;C:\Program Files\Common Files\Oracle\Java\javapath;C:\Program Files\Amazon Corretto\jdk11.0.21_9\bin;C:\Program Files (x86)\VMware\VMware Workstation\bin\;C:\AmazonCorretto\jdk17.0.8_8\bin;C:\Windows\system32;C:\Windows;C:\Windows\System32\Wbem;C:\Windows\System32\WindowsPowerShell\v1.0\;C:\Windows\System32\OpenSSH\;C:\Program Files\Git\cmd;C:\Program Files\Java\jdk-21\bin;C:\Program Files (x86)\Microsoft SQL Server\160\Tools\Binn\;C:\Program Files\Microsoft SQL Server\160\Tools\Binn\;C:\Program Files\Microsoft SQL Server\Client SDK\ODBC\170\Tools\Binn\;C:\Program Files\Microsoft SQL Server\160\DTS\Binn\;C:\Program Files\Azure Data Studio\bin;C:\Program Files (x86)\Microsoft SQL Server\160\DTS\Binn\;C:\Program Files\MongoDB\Tools\100\bin;C:\Program Files\MongoDB\Server\6.0\bin;C:\Oracle_db;C:\Oracle\instantclient_21_13;C:\Flutter\flutter\bin;C:\Program Files\nodejs\;C:\Users\krish\AppData\Local\Programs\Python\Python312\Scripts\;C:\Users\krish\AppData\Local\Programs\Python\Python312\;C:\Program Files\MySQL\MySQL Shell 8.0\bin\;C:\Users\krish\AppData\Local\Microsoft\WindowsApps;C:\Program Files\JetBrains\IntelliJ IDEA Community Edition 2024.1\bin;C:\Program Files\Azure Data Studio\bin;C:\Users\krish\AppData\Local\GitHubDesktop\bin;C:\Program Files\JetBrains\IntelliJ IDEA 2024.1.4\bin;C:\Users\krish\AppData\Local\Programs\Microsoft VS Code\bin;C:\Users\krish\AppData\Local\JetBrains\Toolbox\scripts;C:\Users\krish\AppData\Roaming\npm;C:\Users\krish\AppData\Local\JetBrains\IntelliJ IDEA 2024.2.3\bin;;."/>
    <property name="java.vm.info" value="mixed mode, sharing"/>
    <property name="stderr.encoding" value="Cp1252"/>
    <property name="java.vendor" value="Oracle Corporation"/>
    <property name="java.vm.version" value="21.0.2+13-LTS-58"/>
    <property name="sun.io.unicode.encoding" value="UnicodeLittle"/>
    <property name="java.class.version" value="65.0"/>
  </properties>
  <testcase name="testCreateMedicalSchool" classname="acmemedical.TestResource" time="0.817">
    <error type="java.net.ConnectException"><![CDATA[java.net.ConnectException: Connection refused: connect
	at acmemedical.TestResource.testCreateMedicalSchool(TestResource.java:263)
]]></error>
  </testcase>
  <testcase name="testGetPatientById" classname="acmemedical.TestResource" time="0.031">
    <error type="java.net.ConnectException"><![CDATA[java.net.ConnectException: Connection refused: connect
	at acmemedical.TestResource.testGetPatientById(TestResource.java:136)
]]></error>
  </testcase>
  <testcase name="testCreateMedicine" classname="acmemedical.TestResource" time="0.015">
    <error type="java.net.ConnectException"><![CDATA[java.net.ConnectException: Connection refused: connect
	at acmemedical.TestResource.testCreateMedicine(TestResource.java:217)
]]></error>
  </testcase>
  <testcase name="testCreatePatient" classname="acmemedical.TestResource" time="0.016">
    <error type="java.net.ConnectException"><![CDATA[java.net.ConnectException: Connection refused: connect
	at acmemedical.TestResource.testCreatePatient(TestResource.java:163)
]]></error>
  </testcase>
  <testcase name="testGetAllPatients" classname="acmemedical.TestResource" time="0.007">
    <error type="java.net.ConnectException"><![CDATA[java.net.ConnectException: Connection refused: connect
	at acmemedical.TestResource.testGetAllPatients(TestResource.java:123)
]]></error>
  </testcase>
  <testcase name="testGetAllMedicalSchools" classname="acmemedical.TestResource" time="0.008">
    <error type="java.net.ConnectException"><![CDATA[java.net.ConnectException: Connection refused: connect
	at acmemedical.TestResource.testGetAllMedicalSchools(TestResource.java:232)
]]></error>
  </testcase>
  <testcase name="testGetAllPhysicians" classname="acmemedical.TestResource" time="0.008">
    <error type="java.net.ConnectException"><![CDATA[java.net.ConnectException: Connection refused: connect
	at acmemedical.TestResource.testGetAllPhysicians(TestResource.java:53)
]]></error>
  </testcase>
  <testcase name="testGetMedicineById" classname="acmemedical.TestResource" time="0.008">
    <error type="java.net.ConnectException"><![CDATA[java.net.ConnectException: Connection refused: connect
	at acmemedical.TestResource.testGetMedicineById(TestResource.java:194)
]]></error>
  </testcase>
  <testcase name="testGetAllMedicine" classname="acmemedical.TestResource" time="0.007">
    <error type="java.net.ConnectException"><![CDATA[java.net.ConnectException: Connection refused: connect
	at acmemedical.TestResource.testGetAllMedicine(TestResource.java:182)
]]></error>
  </testcase>
  <testcase name="testUserAccessToSpecificPhysician" classname="acmemedical.TestResource" time="0.008">
    <error type="java.net.ConnectException"><![CDATA[java.net.ConnectException: Connection refused: connect
	at acmemedical.TestResource.testUserAccessToSpecificPhysician(TestResource.java:107)
]]></error>
  </testcase>
  <testcase name="testGetPhysicianById" classname="acmemedical.TestResource" time="0.008">
    <error type="java.net.ConnectException"><![CDATA[java.net.ConnectException: Connection refused: connect
	at acmemedical.TestResource.testGetPhysicianById(TestResource.java:67)
]]></error>
  </testcase>
  <testcase name="testGetMedicalSchoolById" classname="acmemedical.TestResource" time="0.009">
    <error type="java.net.ConnectException"><![CDATA[java.net.ConnectException: Connection refused: connect
	at acmemedical.TestResource.testGetMedicalSchoolById(TestResource.java:243)
]]></error>
  </testcase>
  <testcase name="testCreatePhysician" classname="acmemedical.TestResource" time="0.01">
    <error type="java.net.ConnectException"><![CDATA[java.net.ConnectException: Connection refused: connect
	at acmemedical.TestResource.testCreatePhysician(TestResource.java:90)
]]></error>
  </testcase>
</testsuite>